Initialized native services in: C:\Users\hrn21\.gradle\native
Initialized jansi services in: C:\Users\hrn21\.gradle\native
The client will now receive all logging from the daemon (pid: 41796). The daemon log file: C:\Users\hrn21\.gradle\daemon\9.1.0\daemon-41796.out.log
Starting 2nd build in daemon [uptime: 6 mins 33.605 secs, performance: 99%, GC rate: 0.00/s, heap usage: 0% of 2 GiB, non-heap usage: 15% of 512 MiB]
Using 12 worker leases.
Now considering [C:\Projects\AegisVaultAndroid] as hierarchies to watch
Watching the file system is configured to be enabled if available
File system watching is active
Starting Build
Settings evaluated using settings file 'C:\Projects\AegisVaultAndroid\settings.gradle.kts'.
Using local directory build cache for the root build (location = C:\Users\hrn21\.gradle\caches\build-cache-1, remove unused entries = after 7 days).
Projects loaded. Root project using build file 'C:\Projects\AegisVaultAndroid\build.gradle.kts'.
Included projects: [root project 'AegisVault', project ':app']

> Configure project :
Evaluating root project 'AegisVault' using build file 'C:\Projects\AegisVaultAndroid\build.gradle.kts'.
Resolved plugin [id: 'com.android.application', version: '9.0.0', apply: false]
Resolved plugin [id: 'org.jetbrains.kotlin.android', version: '2.1.0', apply: false]
Resolved plugin [id: 'com.google.devtools.ksp', version: '2.1.0-1.0.29', apply: false]
Resolved plugin [id: 'org.jetbrains.kotlin.plugin.compose', version: '2.1.0', apply: false]

> Configure project :app
Evaluating project ':app' using build file 'C:\Projects\AegisVaultAndroid\app\build.gradle.kts'.
Build cache key for Kotlin DSL script compilation (Project/TopLevel/stage1) is 83c3596dbd46121953943c4fd7a0479b
Stored cache entry for Kotlin DSL script compilation (Project/TopLevel/stage1) with cache key 83c3596dbd46121953943c4fd7a0479b
Resolved plugin [id: 'com.android.application']
Resolved plugin [id: 'org.jetbrains.kotlin.android']
Resolved plugin [id: 'com.google.devtools.ksp']
Resolved plugin [id: 'org.jetbrains.kotlin.plugin.compose']
WARNING: The option setting 'android.usesSdkInManifest.disallowed=false' is deprecated.
The current default is 'true'.
It will be removed in version 10.0 of the Android Gradle plugin.
WARNING: The option setting 'android.sdk.defaultTargetSdkToCompileSdkIfUnset=false' is deprecated.
The current default is 'true'.
It will be removed in version 10.0 of the Android Gradle plugin.
WARNING: The option setting 'android.enableAppCompileTimeRClass=false' is deprecated.
The current default is 'true'.
It will be removed in version 10.0 of the Android Gradle plugin.
WARNING: The option setting 'android.builtInKotlin=false' is deprecated.
The current default is 'true'.
It will be removed in version 10.0 of the Android Gradle plugin.
WARNING: The option setting 'android.newDsl=false' is deprecated.
The current default is 'true'.
It will be removed in version 10.0 of the Android Gradle plugin.
WARNING: The option setting 'android.r8.optimizedResourceShrinking=false' is deprecated.
The current default is 'true'.
It will be removed in version 10.0 of the Android Gradle plugin.
WARNING: The option setting 'android.defaults.buildfeatures.resvalues=true' is deprecated.
The current default is 'false'.
It will be removed in version 10.0 of the Android Gradle plugin.
WARNING: The option setting 'android.enableJetifier=true' is deprecated.
The current default is 'false'.
It will be removed in version 10.0 of the Android Gradle plugin.
Using default execution profile
Build 8207a650-2661-4188-bfff-284a7fbbf55c is started
Using Kotlin Gradle Plugin gradle813 variant
Build cache key for Kotlin DSL script compilation (Project/TopLevel/stage2) is 749864e0258eb9ffda6bcdc632acc46e
w: file:///C:/Projects/AegisVaultAndroid/app/build.gradle.kts:8:1: 'fun Project.android(configure: Action<BaseAppModuleExtension>): Unit' is deprecated. Replaced by com.android.build.api.dsl.ApplicationExtension.
This class is not used for the public extensions in AGP when android.newDsl=true, which is the default in AGP 9.0, and will be removed in AGP 10.0.
w: file:///C:/Projects/AegisVaultAndroid/app/build.gradle.kts:39:5: 'fun BaseAppModuleExtension.kotlinOptions(configure: Action<DeprecatedKotlinJvmOptions>): Unit' is deprecated. Please migrate to the compilerOptions DSL. More details are here: https://kotl.in/u1r8ln.
w: file:///C:/Projects/AegisVaultAndroid/app/build.gradle.kts:40:9: 'var jvmTarget: String' is deprecated. Please migrate to the compilerOptions DSL. More details are here: https://kotl.in/u1r8ln.
Stored cache entry for Kotlin DSL script compilation (Project/TopLevel/stage2) with cache key 749864e0258eb9ffda6bcdc632acc46e
WARNING: The property android.dependency.excludeLibraryComponentsFromConstraints improves project import performance for very large projects. It should be enabled to improve performance.
To suppress this warning, add android.generateSyncIssueWhenLibraryConstraintsAreEnabled=false to gradle.properties
WARNING: The property android.dependency.excludeLibraryComponentsFromConstraints improves project import performance for very large projects. It should be enabled to improve performance.
To suppress this warning, add android.generateSyncIssueWhenLibraryConstraintsAreEnabled=false to gradle.properties
WARNING: The property android.dependency.excludeLibraryComponentsFromConstraints improves project import performance for very large projects. It should be enabled to improve performance.
To suppress this warning, add android.generateSyncIssueWhenLibraryConstraintsAreEnabled=false to gradle.properties
WARNING: The property android.dependency.excludeLibraryComponentsFromConstraints improves project import performance for very large projects. It should be enabled to improve performance.
To suppress this warning, add android.generateSyncIssueWhenLibraryConstraintsAreEnabled=false to gradle.properties
Detected Android Gradle Plugin compose compiler configuration
Detected Android Gradle Plugin compose compiler configuration
Detected Android Gradle Plugin compose compiler configuration
Detected Android Gradle Plugin compose compiler configuration
All projects evaluated.
Task name matched 'test'
Selected primary task 'test' from project :
Adding -Xuse-inline-scopes-numbers Kotlin compiler flag for task :app:compileDebugKotlin
Tasks to be executed: [task ':app:checkKotlinGradlePluginConfigurationErrors', task ':app:preBuild', task ':app:preDebugBuild', task ':app:checkDebugAarMetadata', task ':app:processDebugNavigationResources', task ':app:compileDebugNavigationResources', task ':app:generateDebugResValues', task ':app:mapDebugSourceSetPaths', task ':app:generateDebugResources', task ':app:mergeDebugResources', task ':app:packageDebugResources', task ':app:parseDebugLocalResources', task ':app:createDebugCompatibleScreenManifests', task ':app:extractDeepLinksDebug', task ':app:processDebugMainManifest', task ':app:processDebugManifest', task ':app:processDebugManifestForPackage', task ':app:processDebugResources', task ':app:kspDebugKotlin', task ':app:compileDebugKotlin', task ':app:javaPreCompileDebug', task ':app:compileDebugJavaWithJavac', task ':app:bundleDebugClassesToRuntimeJar', task ':app:bundleDebugClassesToCompileJar', task ':app:kspDebugUnitTestKotlin', task ':app:compileDebugUnitTestKotlin', task ':app:preDebugUnitTestBuild', task ':app:javaPreCompileDebugUnitTest', task ':app:compileDebugUnitTestJavaWithJavac', task ':app:processDebugJavaRes', task ':app:processDebugUnitTestJavaRes', task ':app:testDebugUnitTest', task ':app:test']
Tasks that were excluded: []
Resolve mutations for :app:checkKotlinGradlePluginConfigurationErrors (Thread[Execution worker,5,main]) started.
:app:checkKotlinGradlePluginConfigurationErrors (Thread[Execution worker,5,main]) started.

> Task :app:checkKotlinGradlePluginConfigurationErrors SKIPPED
Skipping task ':app:checkKotlinGradlePluginConfigurationErrors' as task onlyIf 'errorDiagnostics are present' is false.
Resolve mutations for :app:preBuild (Thread[Execution worker,5,main]) started.
:app:preBuild (Thread[Execution worker,5,main]) started.

> Task :app:preBuild UP-TO-DATE
Skipping task ':app:preBuild' as it has no actions.
Resolve mutations for :app:preDebugBuild (Thread[Execution worker,5,main]) started.
:app:preDebugBuild (Thread[included builds,5,main]) started.

> Task :app:preDebugBuild UP-TO-DATE
Skipping task ':app:preDebugBuild' as it has no actions.
Resolve mutations for :app:checkDebugAarMetadata (Thread[included builds,5,main]) started.
:app:checkDebugAarMetadata (Thread[included builds,5,main]) started.

> Task :app:checkDebugAarMetadata UP-TO-DATE
Caching disabled for task ':app:checkDebugAarMetadata' because:
  Caching has been disabled for the task
Skipping task ':app:checkDebugAarMetadata' as it is up-to-date.
Resolve mutations for :app:processDebugNavigationResources (Thread[included builds,5,main]) started.
:app:processDebugNavigationResources (Thread[included builds,5,main]) started.

> Task :app:processDebugNavigationResources UP-TO-DATE
Build cache key for task ':app:processDebugNavigationResources' is dc2c758a1079868260a883a200400cae
Skipping task ':app:processDebugNavigationResources' as it is up-to-date.
Resolve mutations for :app:compileDebugNavigationResources (Thread[included builds,5,main]) started.
:app:compileDebugNavigationResources (Thread[included builds,5,main]) started.

> Task :app:compileDebugNavigationResources UP-TO-DATE
Build cache key for task ':app:compileDebugNavigationResources' is 93580a09c6ed69a417bb7af9f8280a9b
Skipping task ':app:compileDebugNavigationResources' as it is up-to-date.
Resolve mutations for :app:generateDebugResValues (Thread[included builds,5,main]) started.
:app:generateDebugResValues (Thread[included builds,5,main]) started.

> Task :app:generateDebugResValues UP-TO-DATE
Build cache key for task ':app:generateDebugResValues' is dc907ec6a5801e93d37d205fbea5fc86
Skipping task ':app:generateDebugResValues' as it is up-to-date.
Resolve mutations for :app:mapDebugSourceSetPaths (Thread[included builds,5,main]) started.
:app:mapDebugSourceSetPaths (Thread[included builds,5,main]) started.

> Task :app:mapDebugSourceSetPaths UP-TO-DATE
Caching disabled for task ':app:mapDebugSourceSetPaths' because:
  Caching has been disabled for the task
Skipping task ':app:mapDebugSourceSetPaths' as it is up-to-date.
Resolve mutations for :app:generateDebugResources (Thread[included builds,5,main]) started.
:app:generateDebugResources (Thread[included builds,5,main]) started.

> Task :app:generateDebugResources UP-TO-DATE
Build cache key for task ':app:generateDebugResources' is a1e061c748898960ddd4e861ba9b5087
Skipping task ':app:generateDebugResources' as it is up-to-date.
Resolve mutations for :app:mergeDebugResources (Thread[included builds,5,main]) started.
:app:mergeDebugResources (Thread[included builds,5,main]) started.

> Task :app:mergeDebugResources UP-TO-DATE
Build cache key for task ':app:mergeDebugResources' is bc7709d9d8c228af614802b51df3e24a
Skipping task ':app:mergeDebugResources' as it is up-to-date.
Resolve mutations for :app:packageDebugResources (Thread[included builds,5,main]) started.
:app:packageDebugResources (Thread[included builds,5,main]) started.

> Task :app:packageDebugResources UP-TO-DATE
Build cache key for task ':app:packageDebugResources' is 2e9748a0c96d9ca477ea5ec0b1484709
Skipping task ':app:packageDebugResources' as it is up-to-date.
Resolve mutations for :app:parseDebugLocalResources (Thread[included builds,5,main]) started.
:app:parseDebugLocalResources (Thread[included builds,5,main]) started.

> Task :app:parseDebugLocalResources UP-TO-DATE
Build cache key for task ':app:parseDebugLocalResources' is f8e61723c97ad0409fd00da3bc7b16e6
Skipping task ':app:parseDebugLocalResources' as it is up-to-date.
Resolve mutations for :app:createDebugCompatibleScreenManifests (Thread[included builds,5,main]) started.
:app:createDebugCompatibleScreenManifests (Thread[included builds,5,main]) started.

> Task :app:createDebugCompatibleScreenManifests UP-TO-DATE
Caching disabled for task ':app:createDebugCompatibleScreenManifests' because:
  Caching has been disabled for the task
Skipping task ':app:createDebugCompatibleScreenManifests' as it is up-to-date.
Resolve mutations for :app:extractDeepLinksDebug (Thread[included builds,5,main]) started.
:app:extractDeepLinksDebug (Thread[included builds,5,main]) started.

> Task :app:extractDeepLinksDebug UP-TO-DATE
Build cache key for task ':app:extractDeepLinksDebug' is 8229da485622ffa0f9c8120303e7be2f
Skipping task ':app:extractDeepLinksDebug' as it is up-to-date.
Resolve mutations for :app:processDebugMainManifest (Thread[Execution worker Thread 8,5,main]) started.
:app:processDebugMainManifest (Thread[Execution worker Thread 8,5,main]) started.

> Task :app:processDebugMainManifest FROM-CACHE
Build cache key for task ':app:processDebugMainManifest' is c099276e200bb6b75c5d7d21a2b234cd
Task ':app:processDebugMainManifest' is not up-to-date because:
  Value of input property 'optionalFeatures' has changed for task ':app:processDebugMainManifest'
Loaded cache entry for task ':app:processDebugMainManifest' with cache key c099276e200bb6b75c5d7d21a2b234cd
Resolve mutations for :app:processDebugManifest (Thread[Execution worker Thread 8,5,main]) started.
:app:processDebugManifest (Thread[Execution worker Thread 8,5,main]) started.

> Task :app:processDebugManifest FROM-CACHE
Build cache key for task ':app:processDebugManifest' is 1d81429208e407177c93785c6d32c7e4
Task ':app:processDebugManifest' is not up-to-date because:
  Input property 'mainMergedManifest' file C:\Projects\AegisVaultAndroid\app\build\intermediates\merged_manifest\debug\processDebugMainManifest\AndroidManifest.xml has changed.
Loaded cache entry for task ':app:processDebugManifest' with cache key 1d81429208e407177c93785c6d32c7e4
Resolve mutations for :app:processDebugManifestForPackage (Thread[Execution worker Thread 8,5,main]) started.
:app:processDebugManifestForPackage (Thread[Execution worker Thread 8,5,main]) started.

> Task :app:processDebugManifestForPackage FROM-CACHE
Custom actions are attached to task ':app:processDebugManifestForPackage'.
Build cache key for task ':app:processDebugManifestForPackage' is 0fafba225a70f19ede2d6b17e12aaf3f
Task ':app:processDebugManifestForPackage' is not up-to-date because:
  Input property 'mergedManifests' file C:\Projects\AegisVaultAndroid\app\build\intermediates\merged_manifests\debug\processDebugManifest\AndroidManifest.xml has changed.
Loaded cache entry for task ':app:processDebugManifestForPackage' with cache key 0fafba225a70f19ede2d6b17e12aaf3f
Resolve mutations for :app:processDebugResources (Thread[Execution worker Thread 8,5,main]) started.
:app:processDebugResources (Thread[Execution worker Thread 8,5,main]) started.

> Task :app:processDebugResources FROM-CACHE
Build cache key for task ':app:processDebugResources' is f42292126f0742e26f4dfc07f7377e19
Task ':app:processDebugResources' is not up-to-date because:
  Value of input property 'useStableIds' has changed for task ':app:processDebugResources'
Loaded cache entry for task ':app:processDebugResources' with cache key f42292126f0742e26f4dfc07f7377e19
Resolve mutations for :app:kspDebugKotlin (Thread[Execution worker Thread 8,5,main]) started.
:app:kspDebugKotlin (Thread[Execution worker Thread 8,5,main]) started.
Resolve mutations for :app:javaPreCompileDebug (Thread[Execution worker Thread 2,5,main]) started.
:app:javaPreCompileDebug (Thread[Execution worker Thread 2,5,main]) started.

> Task :app:javaPreCompileDebug UP-TO-DATE
Build cache key for task ':app:javaPreCompileDebug' is 489b0ec571490f7c24b274fe158a0c81
Skipping task ':app:javaPreCompileDebug' as it is up-to-date.
Resolve mutations for :app:preDebugUnitTestBuild (Thread[Execution worker Thread 2,5,main]) started.
:app:preDebugUnitTestBuild (Thread[Execution worker Thread 2,5,main]) started.

> Task :app:preDebugUnitTestBuild UP-TO-DATE
Skipping task ':app:preDebugUnitTestBuild' as it has no actions.
Resolve mutations for :app:javaPreCompileDebugUnitTest (Thread[Execution worker Thread 2,5,main]) started.
:app:javaPreCompileDebugUnitTest (Thread[Execution worker Thread 2,5,main]) started.

> Task :app:javaPreCompileDebugUnitTest
Build cache key for task ':app:javaPreCompileDebugUnitTest' is 32048c8c723a14df4987fe27ffc33065
Task ':app:javaPreCompileDebugUnitTest' is not up-to-date because:
  No history is available.
Stored cache entry for task ':app:javaPreCompileDebugUnitTest' with cache key 32048c8c723a14df4987fe27ffc33065

> Task :app:kspDebugKotlin
Build cache key for task ':app:kspDebugKotlin' is fe24f45a1e11fe10e70478279c1151c0
Task ':app:kspDebugKotlin' is not up-to-date because:
  Value of input property 'kspConfig.jdkVersion' has changed for task ':app:kspDebugKotlin'
  Value of input property 'kspConfig.logLevel' has changed for task ':app:kspDebugKotlin'
The input changes require a full rebuild for incremental task ':app:kspDebugKotlin'.
file or directory 'C:\Projects\AegisVaultAndroid\app\src\debug\kotlin', not found
file or directory 'C:\Projects\AegisVaultAndroid\app\src\debug\java', not found
file or directory 'C:\Projects\AegisVaultAndroid\app\src\main\kotlin', not found
file or directory 'C:\Projects\AegisVaultAndroid\app\src\debug\java', not found
file or directory 'C:\Projects\AegisVaultAndroid\app\src\main\kotlin', not found
file or directory 'C:\Projects\AegisVaultAndroid\app\src\debug\kotlin', not found
file or directory 'C:\Projects\AegisVaultAndroid\app\src\debug\java', not found
file or directory 'C:\Projects\AegisVaultAndroid\app\src\debug\kotlin', not found
file or directory 'C:\Projects\AegisVaultAndroid\app\src\debug\java', not found
file or directory 'C:\Projects\AegisVaultAndroid\app\src\main\kotlin', not found
i: [ksp] loaded provider(s): [androidx.room.RoomKspProcessor$Provider]
Stored cache entry for task ':app:kspDebugKotlin' with cache key fe24f45a1e11fe10e70478279c1151c0
Resolve mutations for :app:compileDebugKotlin (Thread[Execution worker Thread 8,5,main]) started.
:app:compileDebugKotlin (Thread[Execution worker Thread 8,5,main]) started.

> Task :app:compileDebugKotlin
Adding -Xuse-inline-scopes-numbers Kotlin compiler flag for task :app:compileDebugAndroidTestKotlin
Build cache key for task ':app:compileDebugKotlin' is 869a55dcb0cdd9b498c80432ed95ed12
Task ':app:compileDebugKotlin' is not up-to-date because:
  Value of input property 'kotlinJavaToolchainProvider.javaVersion' has changed for task ':app:compileDebugKotlin'
The input changes require a full rebuild for incremental task ':app:compileDebugKotlin'.
file or directory 'C:\Projects\AegisVaultAndroid\app\src\debug\kotlin', not found
file or directory 'C:\Projects\AegisVaultAndroid\app\src\debug\java', not found
file or directory 'C:\Projects\AegisVaultAndroid\app\src\debug\kotlin', not found
file or directory 'C:\Projects\AegisVaultAndroid\app\src\debug\java', not found
file or directory 'C:\Projects\AegisVaultAndroid\app\src\debug\kotlin', not found
file or directory 'C:\Projects\AegisVaultAndroid\app\src\debug\java', not found
file or directory 'C:\Projects\AegisVaultAndroid\app\build\generated\ksp\debug\java', not found
file or directory 'C:\Projects\AegisVaultAndroid\app\src\main\kotlin', not found
file or directory 'C:\Projects\AegisVaultAndroid\app\src\main\kotlin', not found
file or directory 'C:\Projects\AegisVaultAndroid\app\src\main\kotlin', not found
file or directory 'C:\Projects\AegisVaultAndroid\app\src\debug\java', not found
file or directory 'C:\Projects\AegisVaultAndroid\app\build\generated\ksp\debug\java', not found
file or directory 'C:\Projects\AegisVaultAndroid\app\src\main\kotlin', not found
file or directory 'C:\Projects\AegisVaultAndroid\app\src\debug\kotlin', not found
file or directory 'C:\Projects\AegisVaultAndroid\app\src\debug\kotlin', not found
file or directory 'C:\Projects\AegisVaultAndroid\app\src\debug\java', not found
file or directory 'C:\Projects\AegisVaultAndroid\app\src\debug\kotlin', not found
file or directory 'C:\Projects\AegisVaultAndroid\app\src\debug\java', not found
file or directory 'C:\Projects\AegisVaultAndroid\app\src\debug\kotlin', not found
file or directory 'C:\Projects\AegisVaultAndroid\app\src\debug\java', not found
file or directory 'C:\Projects\AegisVaultAndroid\app\src\debug\kotlin', not found
file or directory 'C:\Projects\AegisVaultAndroid\app\src\debug\java', not found
file or directory 'C:\Projects\AegisVaultAndroid\app\src\debug\kotlin', not found
file or directory 'C:\Projects\AegisVaultAndroid\app\src\debug\java', not found
file or directory 'C:\Projects\AegisVaultAndroid\app\src\debug\kotlin', not found
file or directory 'C:\Projects\AegisVaultAndroid\app\src\debug\java', not found
file or directory 'C:\Projects\AegisVaultAndroid\app\build\generated\ksp\debug\java', not found
file or directory 'C:\Projects\AegisVaultAndroid\app\src\main\kotlin', not found
file or directory 'C:\Projects\AegisVaultAndroid\app\src\main\kotlin', not found
file or directory 'C:\Projects\AegisVaultAndroid\app\src\main\kotlin', not found
file or directory 'C:\Projects\AegisVaultAndroid\app\src\debug\java', not found
file or directory 'C:\Projects\AegisVaultAndroid\app\build\generated\ksp\debug\java', not found
file or directory 'C:\Projects\AegisVaultAndroid\app\src\main\kotlin', not found
file or directory 'C:\Projects\AegisVaultAndroid\app\src\debug\kotlin', not found
file or directory 'C:\Projects\AegisVaultAndroid\app\src\debug\kotlin', not found
file or directory 'C:\Projects\AegisVaultAndroid\app\src\debug\java', not found
file or directory 'C:\Projects\AegisVaultAndroid\app\src\debug\kotlin', not found
file or directory 'C:\Projects\AegisVaultAndroid\app\src\debug\java', not found
file or directory 'C:\Projects\AegisVaultAndroid\app\src\debug\kotlin', not found
file or directory 'C:\Projects\AegisVaultAndroid\app\src\debug\java', not found
file or directory 'C:\Projects\AegisVaultAndroid\app\build\generated\ksp\debug\java', not found
file or directory 'C:\Projects\AegisVaultAndroid\app\src\main\kotlin', not found
file or directory 'C:\Projects\AegisVaultAndroid\app\src\main\kotlin', not found
file or directory 'C:\Projects\AegisVaultAndroid\app\src\main\kotlin', not found
file or directory 'C:\Projects\AegisVaultAndroid\app\src\debug\java', not found
file or directory 'C:\Projects\AegisVaultAndroid\app\build\generated\ksp\debug\java', not found
file or directory 'C:\Projects\AegisVaultAndroid\app\src\main\kotlin', not found
file or directory 'C:\Projects\AegisVaultAndroid\app\src\debug\kotlin', not found
file or directory 'C:\Projects\AegisVaultAndroid\app\src\debug\kotlin', not found
file or directory 'C:\Projects\AegisVaultAndroid\app\src\debug\java', not found
file or directory 'C:\Projects\AegisVaultAndroid\app\src\debug\kotlin', not found
file or directory 'C:\Projects\AegisVaultAndroid\app\src\debug\java', not found
file or directory 'C:\Projects\AegisVaultAndroid\app\src\debug\kotlin', not found
file or directory 'C:\Projects\AegisVaultAndroid\app\src\debug\java', not found
file or directory 'C:\Projects\AegisVaultAndroid\app\build\generated\ksp\debug\java', not found
file or directory 'C:\Projects\AegisVaultAndroid\app\src\main\kotlin', not found
file or directory 'C:\Projects\AegisVaultAndroid\app\src\main\kotlin', not found
file or directory 'C:\Projects\AegisVaultAndroid\app\src\main\kotlin', not found
file or directory 'C:\Projects\AegisVaultAndroid\app\src\debug\java', not found
file or directory 'C:\Projects\AegisVaultAndroid\app\build\generated\ksp\debug\java', not found
file or directory 'C:\Projects\AegisVaultAndroid\app\src\main\kotlin', not found
file or directory 'C:\Projects\AegisVaultAndroid\app\src\debug\kotlin', not found
Kotlin source files: C:\Projects\AegisVaultAndroid\app\build\generated\ksp\debug\kotlin\com\aegis\vault\data\local\VaultDao_Impl.kt, C:\Projects\AegisVaultAndroid\app\build\generated\ksp\debug\kotlin\com\aegis\vault\data\local\VaultDatabase_Impl.kt, C:\Projects\AegisVaultAndroid\app\src\main\java\com\aegis\vault\AegisApplication.kt, C:\Projects\AegisVaultAndroid\app\src\main\java\com\aegis\vault\data\importer\ImportManager.kt, C:\Projects\AegisVaultAndroid\app\src\main\java\com\aegis\vault\data\local\VaultDao.kt, C:\Projects\AegisVaultAndroid\app\src\main\java\com\aegis\vault\data\local\VaultDatabase.kt, C:\Projects\AegisVaultAndroid\app\src\main\java\com\aegis\vault\data\local\VaultEntity.kt, C:\Projects\AegisVaultAndroid\app\src\main\java\com\aegis\vault\data\model\VaultBackup.kt, C:\Projects\AegisVaultAndroid\app\src\main\java\com\aegis\vault\data\prefs\PreferenceManager.kt, C:\Projects\AegisVaultAndroid\app\src\main\java\com\aegis\vault\data\repository\VaultRepository.kt, C:\Projects\AegisVaultAndroid\app\src\main\java\com\aegis\vault\MainActivity.kt, C:\Projects\AegisVaultAndroid\app\src\main\java\com\aegis\vault\model\VaultEntry.kt, C:\Projects\AegisVaultAndroid\app\src\main\java\com\aegis\vault\security\BiometricHelper.kt, C:\Projects\AegisVaultAndroid\app\src\main\java\com\aegis\vault\security\SecurityUtils.kt, C:\Projects\AegisVaultAndroid\app\src\main\java\com\aegis\vault\ui\screens\AddEntryScreen.kt, C:\Projects\AegisVaultAndroid\app\src\main\java\com\aegis\vault\ui\screens\EntryDetailSheet.kt, C:\Projects\AegisVaultAndroid\app\src\main\java\com\aegis\vault\ui\screens\LockScreen.kt, C:\Projects\AegisVaultAndroid\app\src\main\java\com\aegis\vault\ui\screens\PasswordGeneratorSheet.kt, C:\Projects\AegisVaultAndroid\app\src\main\java\com\aegis\vault\ui\screens\SettingsScreen.kt, C:\Projects\AegisVaultAndroid\app\src\main\java\com\aegis\vault\ui\screens\SetupScreen.kt, C:\Projects\AegisVaultAndroid\app\src\main\java\com\aegis\vault\ui\screens\VaultScreen.kt, C:\Projects\AegisVaultAndroid\app\src\main\java\com\aegis\vault\ui\theme\Color.kt, C:\Projects\AegisVaultAndroid\app\src\main\java\com\aegis\vault\ui\theme\Theme.kt, C:\Projects\AegisVaultAndroid\app\src\main\java\com\aegis\vault\ui\theme\Type.kt, C:\Projects\AegisVaultAndroid\app\src\main\java\com\aegis\vault\ui\viewmodel\VaultViewModel.kt
Java source files: 
Script source files: 
Script file extensions: 
Using Kotlin/JVM incremental compilation
[KOTLIN] Kotlin compilation 'jdkHome' argument: null
i: starting the daemon as: C:\Program Files\Eclipse Adoptium\jdk-17.0.17.10-hotspot\bin\java -cp C:\Users\hrn21\.gradle\caches\modules-2\files-2.1\org.jetbrains.kotlin\kotlin-compiler-embeddable\2.2.10\6882d39ef03b18879c1a5d2a83c2212361bed5fe\kotlin-compiler-embeddable-2.2.10.jar;C:\Users\hrn21\.gradle\caches\modules-2\files-2.1\org.jetbrains.kotlin\kotlin-stdlib\2.2.10\30de6faa127a4a012db8e71bf1b9c0a99b1402b2\kotlin-stdlib-2.2.10.jar;C:\Users\hrn21\.gradle\caches\modules-2\files-2.1\org.jetbrains.kotlin\kotlin-script-runtime\2.2.10\712f9bc08f378c13a4a00f0bbb28c76e59183e83\kotlin-script-runtime-2.2.10.jar;C:\Users\hrn21\.gradle\caches\modules-2\files-2.1\org.jetbrains.kotlin\kotlin-reflect\1.6.10\1cbe9c92c12a94eea200d23c2bbaedaf3daf5132\kotlin-reflect-1.6.10.jar;C:\Users\hrn21\.gradle\caches\modules-2\files-2.1\org.jetbrains.kotlin\kotlin-daemon-embeddable\2.2.10\212fd3c2c6e4e5d0f4db3c4191233e2b622380cc\kotlin-daemon-embeddable-2.2.10.jar;C:\Users\hrn21\.gradle\caches\modules-2\files-2.1\org.jetbrains.kotlinx\kotlinx-coroutines-core-jvm\1.8.0\ac1dc37a30a93150b704022f8d895ee1bd3a36b3\kotlinx-coroutines-core-jvm-1.8.0.jar;C:\Users\hrn21\.gradle\caches\modules-2\files-2.1\org.jetbrains\annotations\13.0\919f0dfe192fb4e063e7dacadee7f8bb9a2672a9\annotations-13.0.jar -Djava.awt.headless=true -Djava.rmi.server.hostname=127.0.0.1 -Xmx2048m -XX:MaxMetaspaceSize=512m -XX:ReservedCodeCacheSize=320m -Dkotlin.environment.keepalive -ea -XX:+UseCodeCacheFlushing -XX:+UseParallelGC -Dkotlin.daemon.initiator.marker.file=C:\Users\hrn21\AppData\Local\Temp\kotlin-compiler-in-egisault-12569357596956508233.alive --add-exports java.base/sun.nio.ch=ALL-UNNAMED org.jetbrains.kotlin.daemon.KotlinCompileDaemon --daemon-runFilesPath C:\Users\hrn21\AppData\Local\kotlin\daemon --daemon-autoshutdownIdleSeconds=7200 --daemon-compilerClasspath C:\Users\hrn21\.gradle\caches\modules-2\files-2.1\org.jetbrains.kotlin\kotlin-compiler-embeddable\2.2.10\6882d39ef03b18879c1a5d2a83c2212361bed5fe\kotlin-compiler-embeddable-2.2.10.jar;C:\Users\hrn21\.gradle\caches\modules-2\files-2.1\org.jetbrains.kotlin\kotlin-stdlib\2.2.10\30de6faa127a4a012db8e71bf1b9c0a99b1402b2\kotlin-stdlib-2.2.10.jar;C:\Users\hrn21\.gradle\caches\modules-2\files-2.1\org.jetbrains.kotlin\kotlin-script-runtime\2.2.10\712f9bc08f378c13a4a00f0bbb28c76e59183e83\kotlin-script-runtime-2.2.10.jar;C:\Users\hrn21\.gradle\caches\modules-2\files-2.1\org.jetbrains.kotlin\kotlin-reflect\1.6.10\1cbe9c92c12a94eea200d23c2bbaedaf3daf5132\kotlin-reflect-1.6.10.jar;C:\Users\hrn21\.gradle\caches\modules-2\files-2.1\org.jetbrains.kotlin\kotlin-daemon-embeddable\2.2.10\212fd3c2c6e4e5d0f4db3c4191233e2b622380cc\kotlin-daemon-embeddable-2.2.10.jar;C:\Users\hrn21\.gradle\caches\modules-2\files-2.1\org.jetbrains.kotlinx\kotlinx-coroutines-core-jvm\1.8.0\ac1dc37a30a93150b704022f8d895ee1bd3a36b3\kotlinx-coroutines-core-jvm-1.8.0.jar;C:\Users\hrn21\.gradle\caches\modules-2\files-2.1\org.jetbrains\annotations\13.0\919f0dfe192fb4e063e7dacadee7f8bb9a2672a9\annotations-13.0.jar
i: #1 retrying connecting to the daemon 
Options for KOTLIN DAEMON: IncrementalCompilationOptions(super=CompilationOptions(compilerMode=INCREMENTAL_COMPILER, targetPlatform=JVM, reportCategories=[0, 3], reportSeverity=2, requestedCompilationResults=[0], kotlinScriptExtensions=[]), sourceChanges=org.jetbrains.kotlin.buildtools.api.SourcesChanges$Unknown@3a610bf5, classpathChanges=NotAvailableForNonIncrementalRun, workingDir=C:\Projects\AegisVaultAndroid\app\build\kotlin\compileDebugKotlin\cacheable, multiModuleICSettings=MultiModuleICSettings(buildHistoryFile=C:\Projects\AegisVaultAndroid\app\build\kotlin\compileDebugKotlin\local-state\build-history.bin, useModuleDetection=true), icFeatures=IncrementalCompilationFeatures(usePreciseJavaTracking=true, withAbiSnapshot=false, preciseCompilationResultsBackup=true, keepIncrementalCompilationCachesInMemory=true, enableUnsafeIncrementalCompilationForMultiplatform=false, enableMonotonousIncrementalCompileSetExpansion=true), outputFiles=[C:\Projects\AegisVaultAndroid\app\build\tmp\kotlin-classes\debug, C:\Projects\AegisVaultAndroid\app\build\kotlin\compileDebugKotlin\cacheable, C:\Projects\AegisVaultAndroid\app\build\kotlin\compileDebugKotlin\local-state])
e: file:///C:/Projects/AegisVaultAndroid/app/src/main/java/com/aegis/vault/MainActivity.kt:95:47 Unresolved reference 'launch'.
e: file:///C:/Projects/AegisVaultAndroid/app/src/main/java/com/aegis/vault/MainActivity.kt:102:64 Suspend function 'suspend fun delay(timeMillis: Long): Unit' can only be called from a coroutine or another suspend function.
Finished executing kotlin compiler using DAEMON strategy

> Task :app:compileDebugKotlin FAILED
Build 8207a650-2661-4188-bfff-284a7fbbf55c is closed

FAILURE: Build failed with an exception.

* What went wrong:
Execution failed for task ':app:compileDebugKotlin'.
> A failure occurred while executing org.jetbrains.kotlin.compilerRunner.GradleCompilerRunnerWithWorkers$GradleKotlinCompilerWorkAction
   > Compilation error. See log for more details

* Try:
> Run with --stacktrace option to get the stack trace.
> Run with --debug option to get more log output.
> Run with --scan to generate a Build Scan (Powered by Develocity).
> Get more help at https://help.gradle.org.

BUILD FAILED in 26s
19 actionable tasks: 3 executed, 4 from cache, 12 up-to-date
Watched directory hierarchies: [C:\Projects\AegisVaultAndroid]
